[debug] [2022-11-03T04:13:35.342Z] ----------------------------------------------------------------------
[debug] [2022-11-03T04:13:35.347Z] Command:       /usr/local/bin/node /usr/local/bin/firebase init
[debug] [2022-11-03T04:13:35.348Z] CLI Version:   11.16.0
[debug] [2022-11-03T04:13:35.348Z] Platform:      darwin
[debug] [2022-11-03T04:13:35.348Z] Node Version:  v16.15.0
[debug] [2022-11-03T04:13:35.357Z] Time:          Thu Nov 03 2022 07:13:35 GMT+0300 (Arabian Standard Time)
[debug] [2022-11-03T04:13:35.358Z] ----------------------------------------------------------------------
[debug] 
[debug] [2022-11-03T04:13:35.445Z] > command requires scopes: ["email","openid","https://www.googleapis.com/auth/cloudplatformprojects.readonly","https://www.googleapis.com/auth/firebase","https://www.googleapis.com/auth/cloud-platform"]
[debug] [2022-11-03T04:13:35.446Z] > authorizing via signed-in user (batyrkanovam@gmail.com)
[info] 
     ######## #### ########  ######## ########     ###     ######  ########
     ##        ##  ##     ## ##       ##     ##  ##   ##  ##       ##
     ######    ##  ########  ######   ########  #########  ######  ######
     ##        ##  ##    ##  ##       ##     ## ##     ##       ## ##
     ##       #### ##     ## ######## ########  ##     ##  ######  ########

You're about to initialize a Firebase project in this directory:

  /Users/meerimbatyrkanova/Desktop/gmail-clone-yt

Before we get started, keep in mind:

  * You are initializing within an existing Firebase project directory

[info] 
=== Project Setup
[info] 
[info] First, let's associate this project directory with a Firebase project.
[info] You can create multiple project aliases by running firebase use --add, 
[info] but for now we'll just set up a default project.
[info] 
[debug] [2022-11-03T04:14:54.283Z] Using project from CLI flag: clone-b65ba
[debug] [2022-11-03T04:14:54.285Z] > refreshing access token with scopes: []
[debug] [2022-11-03T04:14:54.287Z] >>> [apiv2][query] POST https://www.googleapis.com/oauth2/v3/token [none]
[debug] [2022-11-03T04:14:54.287Z] >>> [apiv2][body] POST https://www.googleapis.com/oauth2/v3/token [omitted]
[debug] [2022-11-03T04:14:54.666Z] <<< [apiv2][status] POST https://www.googleapis.com/oauth2/v3/token 200
[debug] [2022-11-03T04:14:54.666Z] <<< [apiv2][body] POST https://www.googleapis.com/oauth2/v3/token [omitted]
[debug] [2022-11-03T04:14:54.743Z] >>> [apiv2][query] GET https://firebase.googleapis.com/v1beta1/projects/clone-b65ba [none]
[debug] [2022-11-03T04:14:55.280Z] <<< [apiv2][status] GET https://firebase.googleapis.com/v1beta1/projects/clone-b65ba 200
[debug] [2022-11-03T04:14:55.281Z] <<< [apiv2][body] GET https://firebase.googleapis.com/v1beta1/projects/clone-b65ba {"projectId":"clone-b65ba","projectNumber":"83108983208","displayName":"gmail-clone","name":"projects/clone-b65ba","resources":{"hostingSite":"clone-b65ba","storageBucket":"clone-b65ba.appspot.com","locationId":"europe-west"},"state":"ACTIVE","etag":"1_56a1fbf2-03fc-4026-b6af-b7574a1c9b5f"}
[info] i  Using project clone-b65ba (gmail-clone) 
[info] 
=== Hosting Setup
[info] 
[info] Your public directory is the folder (relative to your project directory) that
[info] will contain Hosting assets to be uploaded with firebase deploy. If you
[info] have a build process for your assets, use your build's output directory.
[info] 
[debug] [2022-11-03T04:15:38.269Z] >>> [apiv2][query] GET https://www.gstatic.com/firebasejs/releases.json [none]
[debug] [2022-11-03T04:15:38.604Z] <<< [apiv2][status] GET https://www.gstatic.com/firebasejs/releases.json 200
[debug] [2022-11-03T04:15:38.605Z] <<< [apiv2][body] GET https://www.gstatic.com/firebasejs/releases.json {"current":{"version":"9.13.0","browserURL":"https://www.gstatic.com/firebasejs/9.13.0/firebase.js","packageURL":"https://www.gstatic.com/firebasejs/9.13.0/firebase.tgz"},"live":{"version":"9.13","browserURL":"https://www.gstatic.com/firebasejs/live/9.13/firebase.js","packageURL":"https://www.gstatic.com/firebasejs/live/9.13/firebase.tgz"},"components":{"analytics":"https://www.gstatic.com/firebasejs/9.13.0/firebase-analytics.js","app":"https://www.gstatic.com/firebasejs/9.13.0/firebase-app.js","app-check":"https://www.gstatic.com/firebasejs/9.13.0/firebase-app-check.js","auth":"https://www.gstatic.com/firebasejs/9.13.0/firebase-auth.js","auth/cordova":"https://www.gstatic.com/firebasejs/9.13.0/firebase-auth/cordova.js","auth/react-native":"https://www.gstatic.com/firebasejs/9.13.0/firebase-auth/react-native.js","functions":"https://www.gstatic.com/firebasejs/9.13.0/firebase-functions.js","firestore":"https://www.gstatic.com/firebasejs/9.13.0/firebase-firestore.js","firestore/lite":"https://www.gstatic.com/firebasejs/9.13.0/firebase-firestore/lite.js","installations":"https://www.gstatic.com/firebasejs/9.13.0/firebase-installations.js","storage":"https://www.gstatic.com/firebasejs/9.13.0/firebase-storage.js","performance":"https://www.gstatic.com/firebasejs/9.13.0/firebase-performance.js","remote-config":"https://www.gstatic.com/firebasejs/9.13.0/firebase-remote-config.js","messaging":"https://www.gstatic.com/firebasejs/9.13.0/firebase-messaging.js","messaging/sw":"https://www.gstatic.com/firebasejs/9.13.0/firebase-messaging/sw.js","database":"https://www.gstatic.com/firebasejs/9.13.0/firebase-database.js","firestore.memory":"https://www.gstatic.com/firebasejs/9.13.0/firebase-firestore.memory.js"}}
[info] i  Skipping write of public/index.html 
[info] 
[info] i  Detected a .git folder at /Users/meerimbatyrkanova/Desktop/gmail-clone-yt 
[info] i  Authorizing with GitHub to upload your service account to a GitHub repository's secrets store. 
[info] 
[info] Visit this URL on this device to log in:
[info] https://github.com/login/oauth/authorize?client_id=89cf50f02ac6aaed3484&state=659571811&redirect_uri=http%3A%2F%2Flocalhost%3A9005&scope=read%3Auser%20repo%20public_repo
[info] 
[info] Waiting for authentication...
[debug] [2022-11-03T04:15:56.528Z] >>> [apiv2][query] POST https://github.com/login/oauth/access_token [none]
[debug] [2022-11-03T04:15:56.529Z] >>> [apiv2][body] POST https://github.com/login/oauth/access_token [stream]
[debug] [2022-11-03T04:15:57.044Z] <<< [apiv2][status] POST https://github.com/login/oauth/access_token 200
[debug] [2022-11-03T04:15:57.045Z] <<< [apiv2][body] POST https://github.com/login/oauth/access_token {"access_token":"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","token_type":"bearer","scope":"read:user,repo"}
[debug] [2022-11-03T04:15:57.063Z] >>> [apiv2][query] GET https://api.github.com/user [none]
[debug] [2022-11-03T04:15:57.539Z] <<< [apiv2][status] GET https://api.github.com/user 200
[debug] [2022-11-03T04:15:57.539Z] <<< [apiv2][body] GET https://api.github.com/user {"login":"meerimbatyr","id":93488659,"node_id":"U_kgDOBZKGEw","avatar_url":"https://avatars.githubusercontent.com/u/93488659?v=4","gravatar_id":"","url":"https://api.github.com/users/meerimbatyr","html_url":"https://github.com/meerimbatyr","followers_url":"https://api.github.com/users/meerimbatyr/followers","following_url":"https://api.github.com/users/meerimbatyr/following{/other_user}","gists_url":"https://api.github.com/users/meerimbatyr/gists{/gist_id}","starred_url":"https://api.github.com/users/meerimbatyr/starred{/owner}{/repo}","subscriptions_url":"https://api.github.com/users/meerimbatyr/subscriptions","organizations_url":"https://api.github.com/users/meerimbatyr/orgs","repos_url":"https://api.github.com/users/meerimbatyr/repos","events_url":"https://api.github.com/users/meerimbatyr/events{/privacy}","received_events_url":"https://api.github.com/users/meerimbatyr/received_events","type":"User","site_admin":false,"name":"meerimbatyr","company":null,"blog":"","location":"Doha,Qatar","email":"batyrkanovam@gmail.com","hireable":null,"bio":"HTML/CSS/Javascript / React JS.\r\n\r\n\r\n","twitter_username":null,"public_repos":46,"public_gists":2,"followers":27,"following":65,"created_at":"2021-10-31T18:17:17Z","updated_at":"2022-10-03T15:30:41Z","private_gists":0,"total_private_repos":24,"owned_private_repos":23,"disk_usage":73725,"collaborators":8,"two_factor_authentication":false,"plan":{"name":"free","space":976562499,"collaborators":0,"private_repos":10000}}
[info] 
[info] ✔  Success! Logged into GitHub as meerimbatyr 
[info] 
